<?xml version="1.0" encoding="UTF-8"?>
<!-- Generated by org.testng.reporters.JUnitXMLReporter -->
<testsuite hostname="DESKTOP-JU827HG" name="Test" tests="2" failures="1" timestamp="20 Mar 2018 16:32:02 GMT" time="16.25" errors="0">
  <testcase name="ExtentReportFailureScreenshot" time="0.036" classname="MyMavenProject.MyMavenExtentReport.ExtentReportScreenshot">
    <failure type="java.lang.AssertionError" message="expected [Google123] but found [Google]">
      <![CDATA[java.lang.AssertionError: expected [Google123] but found [Google]
	at MyMavenProject.MyMavenExtentReport.ExtentReportScreenshot.ExtentReportFailureScreenshot(ExtentReportScreenshot.java:87)
... Removed 29 stack frames]]>
    </failure>
  </testcase> <!-- ExtentReportFailureScreenshot -->
  <testcase name="googlebuttonTest" time="0.063" classname="MyMavenProject.MyMavenExtentReport.ExtentReportScreenshot"/>
</testsuite> <!-- Test -->
