<?xml version="1.0" encoding="UTF-8"?>
<!-- Generated by org.testng.reporters.JUnitXMLReporter -->
<testsuite hostname="DESKTOP-JU827HG" name="Demoxml" tests="4" failures="1" timestamp="11 Mar 2018 08:25:37 GMT" time="50.664" errors="0">
  <testcase name="verifyTitle" time="14.48" classname="MyMavenProject.MyMavenProjectPractice.JenkinsTestChromeLaunch"/>
  <testcase name="verifyTitle" time="21.035" classname="MyMavenProject.MyMavenProjectPractice.JenkinsTestYahooLaunch"/>
  <testcase name="ExtentReportFailureScreenshot" time="0.032" classname="com.qa.ExtentReportListener.ExtentReportScreenshot">
    <failure type="java.lang.AssertionError" message="expected [Google12] but found [Google]">
      <![CDATA[java.lang.AssertionError: expected [Google12] but found [Google]
	at com.qa.ExtentReportListener.ExtentReportScreenshot.ExtentReportFailureScreenshot(ExtentReportScreenshot.java:86)
... Removed 29 stack frames]]>
    </failure>
  </testcase> <!-- ExtentReportFailureScreenshot -->
  <testcase name="yahooLogoTest" time="0.101" classname="com.qa.ExtentReportListener.ExtentReportScreenshot"/>
</testsuite> <!-- Demoxml -->
